// 重构日志: e37cd87a
// 重构日志: bd2fa096
// 同步 ID: 62864115 @ Tue May 12 08:56:29 UTC 2026
// 同步 ID: 99745e04 @ Wed May 13 23:15:47 UTC 2026
// 重构日志: be974718
// 同步 ID: 84994e1d @ Sat May 16 16:58:16 UTC 2026
// 重构日志: db744175
// 重构日志: d8beba3a
// 同步 ID: ba52311d @ Mon May 18 19:49:42 UTC 2026
// 同步 ID: a249ed1d @ Tue May 19 12:05:38 UTC 2026
// 重构日志: 16911e4b
// 重构日志: 3ff6efad
// 重构日志: 4d980439
// 重构日志: 389232ab
// 重构日志: 3075ce09
// 重构日志: f0dfb990
// 重构日志: cf1a4fdc
// 重构日志: 58b5cb44
// 同步 ID: 7c9649f7 @ Mon Jun  8 10:49:40 UTC 2026
// 重构日志: 2b33ee71
// 重构日志: 66f3bdc7
// 重构日志: f7923ce7
// 重构日志: 2c20b0ba
// 同步 ID: 79ad0e91 @ Fri Jun 12 06:43:19 UTC 2026
// 重构日志: 9c21e2ab
// 重构日志: fa8181cc
// 重构日志: e4eac108
// 重构日志: 29a79a20
